build/app/intermediates/manifest_merge_blame_file/release/manifest-merger-blame-release-report.txt
1<?xml version="1.0" encoding="utf-8"?>
2<manifest xmlns:android="http://schemas.android.com/apk/res/android"
3    package="com.mycompany.pickngorestaurantapp"
4    android:versionCode="1"
5    android:versionName="1.0.0" >
6
7    <uses-sdk
8        android:minSdkVersion="21"
8-->src\main\AndroidManifest.xml
9        android:targetSdkVersion="34" />
9-->src\main\AndroidManifest.xml
10
11    <uses-permission android:name="android.permission.INTERNET" />
11-->src\main\AndroidManifest.xml:4:5-66
11-->src\main\AndroidManifest.xml:4:22-64
12    <uses-permission android:name="android.permission.CAMERA" />
12-->src\main\AndroidManifest.xml:5:5-64
12-->src\main\AndroidManifest.xml:5:22-62
13    <uses-permission
13-->src\main\AndroidManifest.xml:6:5-80
14        android:name="android.permission.READ_EXTERNAL_STORAGE"
14-->src\main\AndroidManifest.xml:6:22-77
15        android:maxSdkVersion="32" />
15-->[:file_picker] AndroidManifest.xml:11:9-35
16    <uses-permission android:name="android.permission.WRITE_EXTERNAL_STORAGE" />
16-->src\main\AndroidManifest.xml:7:5-81
16-->src\main\AndroidManifest.xml:7:22-78
17    <uses-permission android:name="android.permission.VIBRATE" />
17-->src\main\AndroidManifest.xml:8:5-65
17-->src\main\AndroidManifest.xml:8:22-63
18    <uses-permission android:name="android.permission.PLAY_SOUND" />
18-->src\main\AndroidManifest.xml:9:5-69
18-->src\main\AndroidManifest.xml:9:22-66
19    <uses-permission android:name="android.permission.WAKE_LOCK" />
19-->src\main\AndroidManifest.xml:10:5-67
19-->src\main\AndroidManifest.xml:10:22-65
20    <uses-permission android:name="android.permission.POST_NOTIFICATIONS" />
20-->src\main\AndroidManifest.xml:11:5-76
20-->src\main\AndroidManifest.xml:11:22-74
21    <uses-permission android:name="android.permission.BROADCAST_CLOSE_SYSTEM_DIALOGS" />
21-->[:awesome_notifications] AndroidManifest.xml:10:5-89
21-->[:awesome_notifications] AndroidManifest.xml:10:22-86
22    <uses-permission android:name="android.permission.RECEIVE_BOOT_COMPLETED" />
22-->[:awesome_notifications] AndroidManifest.xml:11:5-81
22-->[:awesome_notifications] AndroidManifest.xml:11:22-78
23
24    <queries>
24-->[:file_picker] AndroidManifest.xml:13:5-19:15
25        <intent>
25-->[:file_picker] AndroidManifest.xml:14:9-18:18
26            <action android:name="android.intent.action.GET_CONTENT" />
26-->[:file_picker] AndroidManifest.xml:15:13-72
26-->[:file_picker] AndroidManifest.xml:15:21-69
27
28            <data android:mimeType="*/*" />
28-->src\main\AndroidManifest.xml:53:17-101
29        </intent>
30    </queries>
31
32    <uses-permission android:name="android.permission.ACCESS_NETWORK_STATE" />
32-->[:firebase_messaging] AndroidManifest.xml:11:5-79
32-->[:firebase_messaging] AndroidManifest.xml:11:22-76
33    <uses-permission
33-->[me.carda:AndroidAwnCore:0.9.3] AndroidManifest.xml:10:5-12:38
34        android:name="android.permission.BIND_NOTIFICATION_LISTENER_SERVICE"
34-->[me.carda:AndroidAwnCore:0.9.3] AndroidManifest.xml:11:9-77
35        android:maxSdkVersion="22" /> <!-- Required by older versions of Google Play services to create IID tokens -->
35-->[me.carda:AndroidAwnCore:0.9.3] AndroidManifest.xml:12:9-35
36    <uses-permission android:name="com.google.android.c2dm.permission.RECEIVE" />
36-->[com.google.firebase:firebase-messaging:23.4.0] AndroidManifest.xml:26:5-82
36-->[com.google.firebase:firebase-messaging:23.4.0] AndroidManifest.xml:26:22-79
37    <uses-permission android:name="com.google.android.providers.gsf.permission.READ_GSERVICES" />
37-->[com.google.android.recaptcha:recaptcha:18.4.0] AndroidManifest.xml:9:5-98
37-->[com.google.android.recaptcha:recaptcha:18.4.0] AndroidManifest.xml:9:22-95
38
39    <permission
39-->[androidx.core:core:1.10.1] AndroidManifest.xml:22:5-24:47
40        android:name="com.mycompany.pickngorestaurantapp.DYNAMIC_RECEIVER_NOT_EXPORTED_PERMISSION"
40-->[androidx.core:core:1.10.1] AndroidManifest.xml:23:9-81
41        android:protectionLevel="signature" />
41-->[androidx.core:core:1.10.1] AndroidManifest.xml:24:9-44
42
43    <uses-permission android:name="com.mycompany.pickngorestaurantapp.DYNAMIC_RECEIVER_NOT_EXPORTED_PERMISSION" /> <!-- for android -->
43-->[androidx.core:core:1.10.1] AndroidManifest.xml:26:5-97
43-->[androidx.core:core:1.10.1] AndroidManifest.xml:26:22-94
44    <!-- <uses-permission android:name="com.android.launcher.permission.READ_SETTINGS"/> -->
45    <!-- <uses-permission android:name="com.android.launcher.permission.WRITE_SETTINGS"/> -->
46    <!-- <uses-permission android:name="com.android.launcher.permission.INSTALL_SHORTCUT" /> -->
47    <!-- <uses-permission android:name="com.android.launcher.permission.UNINSTALL_SHORTCUT" /> -->
48    <!-- for Samsung -->
49    <uses-permission android:name="com.sec.android.provider.badge.permission.READ" />
49-->[me.leolin:ShortcutBadger:1.1.22] AndroidManifest.xml:19:5-86
49-->[me.leolin:ShortcutBadger:1.1.22] AndroidManifest.xml:19:22-83
50    <uses-permission android:name="com.sec.android.provider.badge.permission.WRITE" /> <!-- for htc -->
50-->[me.leolin:ShortcutBadger:1.1.22] AndroidManifest.xml:20:5-87
50-->[me.leolin:ShortcutBadger:1.1.22] AndroidManifest.xml:20:22-84
51    <uses-permission android:name="com.htc.launcher.permission.READ_SETTINGS" />
51-->[me.leolin:ShortcutBadger:1.1.22] AndroidManifest.xml:23:5-81
51-->[me.leolin:ShortcutBadger:1.1.22] AndroidManifest.xml:23:22-78
52    <uses-permission android:name="com.htc.launcher.permission.UPDATE_SHORTCUT" /> <!-- for sony -->
52-->[me.leolin:ShortcutBadger:1.1.22] AndroidManifest.xml:24:5-83
52-->[me.leolin:ShortcutBadger:1.1.22] AndroidManifest.xml:24:22-80
53    <uses-permission android:name="com.sonyericsson.home.permission.BROADCAST_BADGE" />
53-->[me.leolin:ShortcutBadger:1.1.22] AndroidManifest.xml:27:5-88
53-->[me.leolin:ShortcutBadger:1.1.22] AndroidManifest.xml:27:22-85
54    <uses-permission android:name="com.sonymobile.home.permission.PROVIDER_INSERT_BADGE" /> <!-- for apex -->
54-->[me.leolin:ShortcutBadger:1.1.22] AndroidManifest.xml:28:5-92
54-->[me.leolin:ShortcutBadger:1.1.22] AndroidManifest.xml:28:22-89
55    <uses-permission android:name="com.anddoes.launcher.permission.UPDATE_COUNT" /> <!-- for solid -->
55-->[me.leolin:ShortcutBadger:1.1.22] AndroidManifest.xml:31:5-84
55-->[me.leolin:ShortcutBadger:1.1.22] AndroidManifest.xml:31:22-81
56    <uses-permission android:name="com.majeur.launcher.permission.UPDATE_BADGE" /> <!-- for huawei -->
56-->[me.leolin:ShortcutBadger:1.1.22] AndroidManifest.xml:34:5-83
56-->[me.leolin:ShortcutBadger:1.1.22] AndroidManifest.xml:34:22-80
57    <uses-permission android:name="com.huawei.android.launcher.permission.CHANGE_BADGE" />
57-->[me.leolin:ShortcutBadger:1.1.22] AndroidManifest.xml:37:5-91
57-->[me.leolin:ShortcutBadger:1.1.22] AndroidManifest.xml:37:22-88
58    <uses-permission android:name="com.huawei.android.launcher.permission.READ_SETTINGS" />
58-->[me.leolin:ShortcutBadger:1.1.22] AndroidManifest.xml:38:5-92
58-->[me.leolin:ShortcutBadger:1.1.22] AndroidManifest.xml:38:22-89
59    <uses-permission android:name="com.huawei.android.launcher.permission.WRITE_SETTINGS" /> <!-- for ZUK -->
59-->[me.leolin:ShortcutBadger:1.1.22] AndroidManifest.xml:39:5-93
59-->[me.leolin:ShortcutBadger:1.1.22] AndroidManifest.xml:39:22-90
60    <uses-permission android:name="android.permission.READ_APP_BADGE" /> <!-- for OPPO -->
60-->[me.leolin:ShortcutBadger:1.1.22] AndroidManifest.xml:42:5-73
60-->[me.leolin:ShortcutBadger:1.1.22] AndroidManifest.xml:42:22-70
61    <uses-permission android:name="com.oppo.launcher.permission.READ_SETTINGS" />
61-->[me.leolin:ShortcutBadger:1.1.22] AndroidManifest.xml:45:5-82
61-->[me.leolin:ShortcutBadger:1.1.22] AndroidManifest.xml:45:22-79
62    <uses-permission android:name="com.oppo.launcher.permission.WRITE_SETTINGS" /> <!-- for EvMe -->
62-->[me.leolin:ShortcutBadger:1.1.22] AndroidManifest.xml:46:5-83
62-->[me.leolin:ShortcutBadger:1.1.22] AndroidManifest.xml:46:22-80
63    <uses-permission android:name="me.everything.badger.permission.BADGE_COUNT_READ" />
63-->[me.leolin:ShortcutBadger:1.1.22] AndroidManifest.xml:49:5-88
63-->[me.leolin:ShortcutBadger:1.1.22] AndroidManifest.xml:49:22-85
64    <uses-permission android:name="me.everything.badger.permission.BADGE_COUNT_WRITE" />
64-->[me.leolin:ShortcutBadger:1.1.22] AndroidManifest.xml:50:5-89
64-->[me.leolin:ShortcutBadger:1.1.22] AndroidManifest.xml:50:22-86
65
66    <application
66-->src\main\AndroidManifest.xml:12:5-74:19
67        android:appComponentFactory="androidx.core.app.CoreComponentFactory"
67-->[androidx.core:core:1.10.1] AndroidManifest.xml:28:18-86
68        android:icon="@mipmap/ic_launcher"
68-->src\main\AndroidManifest.xml:15:9-43
69        android:label="Restaurant Duplicate"
69-->src\main\AndroidManifest.xml:13:9-45
70        android:requestLegacyExternalStorage="true" >
70-->src\main\AndroidManifest.xml:16:9-52
71        <activity
71-->src\main\AndroidManifest.xml:18:9-59:20
72            android:name="com.mycompany.pickngorestaurantapp.MainActivity"
72-->src\main\AndroidManifest.xml:19:13-41
73            android:configChanges="orientation|keyboardHidden|keyboard|screenSize|smallestScreenSize|locale|layoutDirection|fontScale|screenLayout|density|uiMode"
73-->src\main\AndroidManifest.xml:23:13-163
74            android:exported="true"
74-->src\main\AndroidManifest.xml:20:13-36
75            android:hardwareAccelerated="true"
75-->src\main\AndroidManifest.xml:24:13-47
76            android:launchMode="singleTop"
76-->src\main\AndroidManifest.xml:21:13-43
77            android:theme="@style/LaunchTheme"
77-->src\main\AndroidManifest.xml:22:13-47
78            android:windowSoftInputMode="adjustResize" >
78-->src\main\AndroidManifest.xml:25:13-55
79
80            <!--
81                 Specifies an Android theme to apply to this Activity as soon as
82                 the Android process has started. This theme is visible to the user
83                 while the Flutter UI initializes. After that, this theme continues
84                 to determine the Window background behind the Flutter UI.
85            -->
86            <meta-data
86-->src\main\AndroidManifest.xml:30:13-33:17
87                android:name="io.flutter.embedding.android.NormalTheme"
87-->src\main\AndroidManifest.xml:31:15-70
88                android:resource="@style/NormalTheme" />
88-->src\main\AndroidManifest.xml:32:15-52
89            <!--
90                 Displays an Android View that continues showing the launch screen
91                 Drawable until Flutter paints its first frame, then this splash
92                 screen fades out. A splash screen is useful to avoid any visual
93                 gap between the end of Android's launch screen and the painting of
94                 Flutter's first frame.
95            -->
96            <meta-data
96-->src\main\AndroidManifest.xml:39:13-42:17
97                android:name="io.flutter.embedding.android.SplashScreenDrawable"
97-->src\main\AndroidManifest.xml:40:15-79
98                android:resource="@drawable/launch_background" />
98-->src\main\AndroidManifest.xml:41:15-61
99
100            <intent-filter>
100-->src\main\AndroidManifest.xml:43:13-46:29
101                <action android:name="android.intent.action.MAIN" />
101-->src\main\AndroidManifest.xml:44:17-68
101-->src\main\AndroidManifest.xml:44:25-66
102
103                <category android:name="android.intent.category.LAUNCHER" />
103-->src\main\AndroidManifest.xml:45:17-76
103-->src\main\AndroidManifest.xml:45:27-74
104            </intent-filter>
105            <!-- Deep linking -->
106            <meta-data
106-->src\main\AndroidManifest.xml:48:13-90
107                android:name="flutter_deeplinking_enabled"
107-->src\main\AndroidManifest.xml:48:24-66
108                android:value="true" />
108-->src\main\AndroidManifest.xml:48:67-87
109
110            <intent-filter android:autoVerify="true" >
110-->src\main\AndroidManifest.xml:49:13-54:29
110-->src\main\AndroidManifest.xml:49:28-53
111                <action android:name="android.intent.action.VIEW" />
111-->src\main\AndroidManifest.xml:50:17-69
111-->src\main\AndroidManifest.xml:50:25-66
112
113                <category android:name="android.intent.category.DEFAULT" />
113-->src\main\AndroidManifest.xml:51:17-76
113-->src\main\AndroidManifest.xml:51:27-73
114                <category android:name="android.intent.category.BROWSABLE" />
114-->src\main\AndroidManifest.xml:52:17-78
114-->src\main\AndroidManifest.xml:52:27-75
115
116                <data
116-->src\main\AndroidManifest.xml:53:17-101
117                    android:host="restaurantduplicate.com"
117-->src\main\AndroidManifest.xml:53:60-98
118                    android:scheme="restaurantduplicate" />
118-->src\main\AndroidManifest.xml:53:23-59
119            </intent-filter>
120            <intent-filter android:exported="true" >
120-->src\main\AndroidManifest.xml:55:14-58:29
120-->src\main\AndroidManifest.xml:55:29-54
121                <action android:name="FLUTTER_NOTIFICATION_CLICK" />
121-->src\main\AndroidManifest.xml:56:17-69
121-->src\main\AndroidManifest.xml:56:25-66
122
123                <category android:name="android.intent.category.DEFAULT" />
123-->src\main\AndroidManifest.xml:51:17-76
123-->src\main\AndroidManifest.xml:51:27-73
124            </intent-filter>
125        </activity>
126
127        <!--
128             Don't delete the meta-data below.
129             This is used by the Flutter tool to generate GeneratedPluginRegistrant.java
130        -->
131        <meta-data
131-->src\main\AndroidManifest.xml:63:9-65:33
132            android:name="flutterEmbedding"
132-->src\main\AndroidManifest.xml:64:13-44
133            android:value="2" />
133-->src\main\AndroidManifest.xml:65:13-30
134        <meta-data
134-->src\main\AndroidManifest.xml:66:9-68:52
135            android:name="com.google.firebase.messaging.default_notification_channel_id"
135-->src\main\AndroidManifest.xml:67:13-89
136            android:value="Pickngo_Notification" />
136-->src\main\AndroidManifest.xml:68:13-49
137        <meta-data
137-->src\main\AndroidManifest.xml:69:14-71:50
138            android:name="com.google.firebase.messaging.default_notification_icon"
138-->src\main\AndroidManifest.xml:70:9-79
139            android:resource="@mipmap/ic_launcher" />
139-->src\main\AndroidManifest.xml:71:9-47
140
141        <receiver
141-->[:awesome_notifications] AndroidManifest.xml:15:9-17:39
142            android:name="me.carda.awesome_notifications.DartNotificationActionReceiver"
142-->[:awesome_notifications] AndroidManifest.xml:16:13-89
143            android:exported="true" />
143-->[:awesome_notifications] AndroidManifest.xml:17:13-36
144        <receiver
144-->[:awesome_notifications] AndroidManifest.xml:18:9-20:39
145            android:name="me.carda.awesome_notifications.DartDismissedNotificationReceiver"
145-->[:awesome_notifications] AndroidManifest.xml:19:13-92
146            android:exported="true" />
146-->[:awesome_notifications] AndroidManifest.xml:20:13-36
147        <receiver
147-->[:awesome_notifications] AndroidManifest.xml:21:9-23:39
148            android:name="me.carda.awesome_notifications.DartScheduledNotificationReceiver"
148-->[:awesome_notifications] AndroidManifest.xml:22:13-92
149            android:exported="true" />
149-->[:awesome_notifications] AndroidManifest.xml:23:13-36
150        <receiver
150-->[:awesome_notifications] AndroidManifest.xml:24:9-38:20
151            android:name="me.carda.awesome_notifications.DartRefreshSchedulesReceiver"
151-->[:awesome_notifications] AndroidManifest.xml:25:13-87
152            android:enabled="true"
152-->[:awesome_notifications] AndroidManifest.xml:26:13-35
153            android:exported="true" >
153-->[:awesome_notifications] AndroidManifest.xml:27:13-36
154            <intent-filter>
154-->[:awesome_notifications] AndroidManifest.xml:28:13-37:29
155                <category android:name="android.intent.category.DEFAULT" />
155-->src\main\AndroidManifest.xml:51:17-76
155-->src\main\AndroidManifest.xml:51:27-73
156
157                <action android:name="android.intent.action.BOOT_COMPLETED" />
157-->[:awesome_notifications] AndroidManifest.xml:31:17-79
157-->[:awesome_notifications] AndroidManifest.xml:31:25-76
158                <action android:name="android.intent.action.LOCKED_BOOT_COMPLETED" />
158-->[:awesome_notifications] AndroidManifest.xml:32:17-86
158-->[:awesome_notifications] AndroidManifest.xml:32:25-83
159                <action android:name="android.intent.action.MY_PACKAGE_REPLACED" />
159-->[:awesome_notifications] AndroidManifest.xml:33:17-84
159-->[:awesome_notifications] AndroidManifest.xml:33:25-81
160                <action android:name="android.intent.action.QUICKBOOT_POWERON" />
160-->[:awesome_notifications] AndroidManifest.xml:34:17-82
160-->[:awesome_notifications] AndroidManifest.xml:34:25-79
161                <action android:name="com.htc.intent.action.QUICKBOOT_POWERON" />
161-->[:awesome_notifications] AndroidManifest.xml:35:17-82
161-->[:awesome_notifications] AndroidManifest.xml:35:25-79
162                <action android:name="android.app.action.SCHEDULE_EXACT_ALARM_PERMISSION_STATE_CHANGED" />
162-->[:awesome_notifications] AndroidManifest.xml:36:17-107
162-->[:awesome_notifications] AndroidManifest.xml:36:25-104
163            </intent-filter>
164        </receiver>
165
166        <service
166-->[:awesome_notifications] AndroidManifest.xml:40:9-43:72
167            android:name="me.carda.awesome_notifications.DartBackgroundService"
167-->[:awesome_notifications] AndroidManifest.xml:41:13-80
168            android:exported="false"
168-->[:awesome_notifications] AndroidManifest.xml:42:13-37
169            android:permission="android.permission.BIND_JOB_SERVICE" />
169-->[:awesome_notifications] AndroidManifest.xml:43:13-69
170        <service
170-->[:awesome_notifications] AndroidManifest.xml:44:9-49:43
171            android:name="me.carda.awesome_notifications.core.services.ForegroundService"
171-->[:awesome_notifications] AndroidManifest.xml:45:13-90
172            android:enabled="true"
172-->[:awesome_notifications] AndroidManifest.xml:46:13-35
173            android:exported="false"
173-->[:awesome_notifications] AndroidManifest.xml:47:13-37
174            android:foregroundServiceType="phoneCall"
174-->[:awesome_notifications] AndroidManifest.xml:48:13-54
175            android:stopWithTask="true" />
175-->[:awesome_notifications] AndroidManifest.xml:49:13-40
176        <service
176-->[:cloud_firestore] AndroidManifest.xml:10:9-14:19
177            android:name="com.google.firebase.components.ComponentDiscoveryService"
177-->[:cloud_firestore] AndroidManifest.xml:10:18-89
178            android:directBootAware="true"
178-->[com.google.firebase:firebase-common:20.4.2] AndroidManifest.xml:32:13-43
179            android:exported="false" >
179-->[com.google.firebase:firebase-perf:20.5.1] AndroidManifest.xml:13:13-37
180            <meta-data
180-->[:cloud_firestore] AndroidManifest.xml:11:13-13:85
181                android:name="com.google.firebase.components:io.flutter.plugins.firebase.firestore.FlutterFirebaseFirestoreRegistrar"
181-->[:cloud_firestore] AndroidManifest.xml:12:17-134
182                android:value="com.google.firebase.components.ComponentRegistrar" />
182-->[:cloud_firestore] AndroidManifest.xml:13:17-82
183            <meta-data
183-->[:cloud_functions] AndroidManifest.xml:11:13-13:85
184                android:name="com.google.firebase.components:io.flutter.plugins.firebase.functions.FlutterFirebaseAppRegistrar"
184-->[:cloud_functions] AndroidManifest.xml:12:17-128
185                android:value="com.google.firebase.components.ComponentRegistrar" />
185-->[:cloud_functions] AndroidManifest.xml:13:17-82
186            <meta-data
186-->[:firebase_auth] AndroidManifest.xml:11:13-13:85
187                android:name="com.google.firebase.components:io.flutter.plugins.firebase.auth.FlutterFirebaseAuthRegistrar"
187-->[:firebase_auth] AndroidManifest.xml:12:17-124
188                android:value="com.google.firebase.components.ComponentRegistrar" />
188-->[:firebase_auth] AndroidManifest.xml:13:17-82
189            <meta-data
189-->[:firebase_messaging] AndroidManifest.xml:38:13-40:85
190                android:name="com.google.firebase.components:io.flutter.plugins.firebase.messaging.FlutterFirebaseAppRegistrar"
190-->[:firebase_messaging] AndroidManifest.xml:39:17-128
191                android:value="com.google.firebase.components.ComponentRegistrar" />
191-->[:firebase_messaging] AndroidManifest.xml:40:17-82
192            <meta-data
192-->[:firebase_performance] AndroidManifest.xml:13:13-15:85
193                android:name="com.google.firebase.components:io.flutter.plugins.firebase.performance.FlutterFirebaseAppRegistrar"
193-->[:firebase_performance] AndroidManifest.xml:14:17-130
194                android:value="com.google.firebase.components.ComponentRegistrar" />
194-->[:firebase_performance] AndroidManifest.xml:15:17-82
195            <meta-data
195-->[:firebase_storage] AndroidManifest.xml:11:13-13:85
196                android:name="com.google.firebase.components:io.flutter.plugins.firebase.storage.FlutterFirebaseAppRegistrar"
196-->[:firebase_storage] AndroidManifest.xml:12:17-126
197                android:value="com.google.firebase.components.ComponentRegistrar" />
197-->[:firebase_storage] AndroidManifest.xml:13:17-82
198            <meta-data
198-->[:firebase_core] AndroidManifest.xml:11:13-13:85
199                android:name="com.google.firebase.components:io.flutter.plugins.firebase.core.FlutterFirebaseCoreRegistrar"
199-->[:firebase_core] AndroidManifest.xml:12:17-124
200                android:value="com.google.firebase.components.ComponentRegistrar" />
200-->[:firebase_core] AndroidManifest.xml:13:17-82
201            <meta-data
201-->[com.google.firebase:firebase-perf:20.5.1] AndroidManifest.xml:14:13-16:85
202                android:name="com.google.firebase.components:com.google.firebase.perf.FirebasePerfKtxRegistrar"
202-->[com.google.firebase:firebase-perf:20.5.1] AndroidManifest.xml:15:17-112
203                android:value="com.google.firebase.components.ComponentRegistrar" />
203-->[com.google.firebase:firebase-perf:20.5.1] AndroidManifest.xml:16:17-82
204            <meta-data
204-->[com.google.firebase:firebase-perf:20.5.1] AndroidManifest.xml:17:13-19:85
205                android:name="com.google.firebase.components:com.google.firebase.perf.FirebasePerfRegistrar"
205-->[com.google.firebase:firebase-perf:20.5.1] AndroidManifest.xml:18:17-109
206                android:value="com.google.firebase.components.ComponentRegistrar" />
206-->[com.google.firebase:firebase-perf:20.5.1] AndroidManifest.xml:19:17-82
207            <meta-data
207-->[com.google.firebase:firebase-sessions:1.2.0] AndroidManifest.xml:29:13-31:85
208                android:name="com.google.firebase.components:com.google.firebase.sessions.FirebaseSessionsRegistrar"
208-->[com.google.firebase:firebase-sessions:1.2.0] AndroidManifest.xml:30:17-117
209                android:value="com.google.firebase.components.ComponentRegistrar" />
209-->[com.google.firebase:firebase-sessions:1.2.0] AndroidManifest.xml:31:17-82
210            <meta-data
210-->[com.google.firebase:firebase-functions:20.4.0] AndroidManifest.xml:15:13-17:85
211                android:name="com.google.firebase.components:com.google.firebase.functions.FirebaseFunctionsKtxRegistrar"
211-->[com.google.firebase:firebase-functions:20.4.0] AndroidManifest.xml:16:17-122
212                android:value="com.google.firebase.components.ComponentRegistrar" />
212-->[com.google.firebase:firebase-functions:20.4.0] AndroidManifest.xml:17:17-82
213            <meta-data
213-->[com.google.firebase:firebase-functions:20.4.0] AndroidManifest.xml:18:13-20:85
214                android:name="com.google.firebase.components:com.google.firebase.functions.FunctionsRegistrar"
214-->[com.google.firebase:firebase-functions:20.4.0] AndroidManifest.xml:19:17-111
215                android:value="com.google.firebase.components.ComponentRegistrar" />
215-->[com.google.firebase:firebase-functions:20.4.0] AndroidManifest.xml:20:17-82
216            <meta-data
216-->[com.google.firebase:firebase-auth:22.3.1] AndroidManifest.xml:69:13-71:85
217                android:name="com.google.firebase.components:com.google.firebase.auth.FirebaseAuthRegistrar"
217-->[com.google.firebase:firebase-auth:22.3.1] AndroidManifest.xml:70:17-109
218                android:value="com.google.firebase.components.ComponentRegistrar" />
218-->[com.google.firebase:firebase-auth:22.3.1] AndroidManifest.xml:71:17-82
219            <meta-data
219-->[com.google.firebase:firebase-firestore:24.10.1] AndroidManifest.xml:17:13-19:85
220                android:name="com.google.firebase.components:com.google.firebase.firestore.FirebaseFirestoreKtxRegistrar"
220-->[com.google.firebase:firebase-firestore:24.10.1] AndroidManifest.xml:18:17-122
221                android:value="com.google.firebase.components.ComponentRegistrar" />
221-->[com.google.firebase:firebase-firestore:24.10.1] AndroidManifest.xml:19:17-82
222            <meta-data
222-->[com.google.firebase:firebase-firestore:24.10.1] AndroidManifest.xml:20:13-22:85
223                android:name="com.google.firebase.components:com.google.firebase.firestore.FirestoreRegistrar"
223-->[com.google.firebase:firebase-firestore:24.10.1] AndroidManifest.xml:21:17-111
224                android:value="com.google.firebase.components.ComponentRegistrar" />
224-->[com.google.firebase:firebase-firestore:24.10.1] AndroidManifest.xml:22:17-82
225            <meta-data
225-->[com.google.firebase:firebase-messaging:23.4.0] AndroidManifest.xml:57:13-59:85
226                android:name="com.google.firebase.components:com.google.firebase.messaging.FirebaseMessagingKtxRegistrar"
226-->[com.google.firebase:firebase-messaging:23.4.0] AndroidManifest.xml:58:17-122
227                android:value="com.google.firebase.components.ComponentRegistrar" />
227-->[com.google.firebase:firebase-messaging:23.4.0] AndroidManifest.xml:59:17-82
228            <meta-data
228-->[com.google.firebase:firebase-messaging:23.4.0] AndroidManifest.xml:60:13-62:85
229                android:name="com.google.firebase.components:com.google.firebase.messaging.FirebaseMessagingRegistrar"
229-->[com.google.firebase:firebase-messaging:23.4.0] AndroidManifest.xml:61:17-119
230                android:value="com.google.firebase.components.ComponentRegistrar" />
230-->[com.google.firebase:firebase-messaging:23.4.0] AndroidManifest.xml:62:17-82
231            <meta-data
231-->[com.google.firebase:firebase-storage:20.3.0] AndroidManifest.xml:30:13-32:85
232                android:name="com.google.firebase.components:com.google.firebase.storage.FirebaseStorageKtxRegistrar"
232-->[com.google.firebase:firebase-storage:20.3.0] AndroidManifest.xml:31:17-118
233                android:value="com.google.firebase.components.ComponentRegistrar" />
233-->[com.google.firebase:firebase-storage:20.3.0] AndroidManifest.xml:32:17-82
234            <meta-data
234-->[com.google.firebase:firebase-storage:20.3.0] AndroidManifest.xml:33:13-35:85
235                android:name="com.google.firebase.components:com.google.firebase.storage.StorageRegistrar"
235-->[com.google.firebase:firebase-storage:20.3.0] AndroidManifest.xml:34:17-107
236                android:value="com.google.firebase.components.ComponentRegistrar" />
236-->[com.google.firebase:firebase-storage:20.3.0] AndroidManifest.xml:35:17-82
237            <meta-data
237-->[com.google.firebase:firebase-iid:21.1.0] AndroidManifest.xml:32:13-34:85
238                android:name="com.google.firebase.components:com.google.firebase.iid.Registrar"
238-->[com.google.firebase:firebase-iid:21.1.0] AndroidManifest.xml:33:17-96
239                android:value="com.google.firebase.components.ComponentRegistrar" />
239-->[com.google.firebase:firebase-iid:21.1.0] AndroidManifest.xml:34:17-82
240            <meta-data
240-->[com.google.firebase:firebase-config:21.6.0] AndroidManifest.xml:29:13-31:85
241                android:name="com.google.firebase.components:com.google.firebase.remoteconfig.FirebaseRemoteConfigKtxRegistrar"
241-->[com.google.firebase:firebase-config:21.6.0] AndroidManifest.xml:30:17-128
242                android:value="com.google.firebase.components.ComponentRegistrar" />
242-->[com.google.firebase:firebase-config:21.6.0] AndroidManifest.xml:31:17-82
243            <meta-data
243-->[com.google.firebase:firebase-config:21.6.0] AndroidManifest.xml:32:13-34:85
244                android:name="com.google.firebase.components:com.google.firebase.remoteconfig.RemoteConfigRegistrar"
244-->[com.google.firebase:firebase-config:21.6.0] AndroidManifest.xml:33:17-117
245                android:value="com.google.firebase.components.ComponentRegistrar" />
245-->[com.google.firebase:firebase-config:21.6.0] AndroidManifest.xml:34:17-82
246            <meta-data
246-->[com.google.firebase:firebase-installations:17.2.0] AndroidManifest.xml:15:13-17:85
247                android:name="com.google.firebase.components:com.google.firebase.installations.FirebaseInstallationsKtxRegistrar"
247-->[com.google.firebase:firebase-installations:17.2.0] AndroidManifest.xml:16:17-130
248                android:value="com.google.firebase.components.ComponentRegistrar" />
248-->[com.google.firebase:firebase-installations:17.2.0] AndroidManifest.xml:17:17-82
249            <meta-data
249-->[com.google.firebase:firebase-installations:17.2.0] AndroidManifest.xml:18:13-20:85
250                android:name="com.google.firebase.components:com.google.firebase.installations.FirebaseInstallationsRegistrar"
250-->[com.google.firebase:firebase-installations:17.2.0] AndroidManifest.xml:19:17-127